
**** Build of configuration Nios II for project final ****

make all 
Info: Building ../final_bsp/
make --no-print-directory -C ../final_bsp/
[BSP build complete]
Info: Compiling hello_world.c to obj/default/hello_world.o
nios2-elf-gcc -xc -MP -MMD -c -I../final_bsp//HAL/inc -I../final_bsp/ -I../final_bsp//drivers/inc  -DSYSTEM_BUS_WIDTH=32 -pipe -D__hal__ -DALT_NO_INSTRUCTION_EMULATION -DALT_SINGLE_THREADED    -O0 -g -Wall -std=c99  -EL -mno-hw-div -mno-hw-mul -mno-hw-mulx  -o obj/default/hello_world.o hello_world.c
hello_world.c:31: error: 'FLOOR_DISPLAY_MODE' undeclared here (not in a function)
hello_world.c: In function 'main':
hello_world.c:45: error: expected ';' before '__builtin_stwio'
make: *** [obj/default/hello_world.o] Error 1

**** Build Finished ****

**** Build of configuration Nios II for project final ****

make all 
Info: Building ../final_bsp/
make --no-print-directory -C ../final_bsp/
[BSP build complete]
Info: Compiling hello_world.c to obj/default/hello_world.o
nios2-elf-gcc -xc -MP -MMD -c -I../final_bsp//HAL/inc -I../final_bsp/ -I../final_bsp//drivers/inc  -DSYSTEM_BUS_WIDTH=32 -pipe -D__hal__ -DALT_NO_INSTRUCTION_EMULATION -DALT_SINGLE_THREADED    -O0 -g -Wall -std=c99  -EL -mno-hw-div -mno-hw-mul -mno-hw-mulx  -o obj/default/hello_world.o hello_world.c
Info: Linking final.elf
nios2-elf-g++  -T'../final_bsp//linker.x' -msys-crt0='../final_bsp//obj/HAL/src/crt0.o' -msys-lib=hal_bsp -L../final_bsp/   -Wl,-Map=final.map   -O0 -g -Wall -std=c99  -EL -mno-hw-div -mno-hw-mul -mno-hw-mulx  -o final.elf obj/default/hello_world.o -lm 
nios2-elf-insert final.elf --thread_model hal --cpu_name nios2cpu --qsys true --simulation_enabled false --stderr_dev jtag_uart --stdin_dev jtag_uart --stdout_dev jtag_uart --sopc_system_name qsys --quartus_project_dir "C:/robot_experiment_final/quartus/DE0_TOP/qsys" --sopcinfo C:/robot_experiment_final/quartus/DE0_TOP/qsys/qsys.sopcinfo
Info: (final.elf) 29 KBytes program size (code + initialized data).
Info:             8156 KBytes free for stack + heap.
Info: Creating final.objdump
nios2-elf-objdump --disassemble --syms --all-header --source final.elf >final.objdump
[final build complete]

**** Build Finished ****

**** Build of configuration Nios II for project final ****

make all 
Info: Building ../final_bsp/
make --no-print-directory -C ../final_bsp/
[BSP build complete]
Info: Compiling hello_world.c to obj/default/hello_world.o
nios2-elf-gcc -xc -MP -MMD -c -I../final_bsp//HAL/inc -I../final_bsp/ -I../final_bsp//drivers/inc  -DSYSTEM_BUS_WIDTH=32 -pipe -D__hal__ -DALT_NO_INSTRUCTION_EMULATION -DALT_SINGLE_THREADED    -O0 -g -Wall -std=c99  -EL -mno-hw-div -mno-hw-mul -mno-hw-mulx  -o obj/default/hello_world.o hello_world.c
Info: Linking final.elf
nios2-elf-g++  -T'../final_bsp//linker.x' -msys-crt0='../final_bsp//obj/HAL/src/crt0.o' -msys-lib=hal_bsp -L../final_bsp/   -Wl,-Map=final.map   -O0 -g -Wall -std=c99  -EL -mno-hw-div -mno-hw-mul -mno-hw-mulx  -o final.elf obj/default/hello_world.o -lm 
nios2-elf-insert final.elf --thread_model hal --cpu_name nios2cpu --qsys true --simulation_enabled false --stderr_dev jtag_uart --stdin_dev jtag_uart --stdout_dev jtag_uart --sopc_system_name qsys --quartus_project_dir "C:/robot_experiment_final/quartus/DE0_TOP/qsys" --sopcinfo C:/robot_experiment_final/quartus/DE0_TOP/qsys/qsys.sopcinfo
Info: (final.elf) 29 KBytes program size (code + initialized data).
Info:             8155 KBytes free for stack + heap.
Info: Creating final.objdump
nios2-elf-objdump --disassemble --syms --all-header --source final.elf >final.objdump
[final build complete]

**** Build Finished ****

**** Build of configuration Nios II for project final ****

make all 
Info: Building ../final_bsp/
make --no-print-directory -C ../final_bsp/
[BSP build complete]
Info: Compiling hello_world.c to obj/default/hello_world.o
nios2-elf-gcc -xc -MP -MMD -c -I../final_bsp//HAL/inc -I../final_bsp/ -I../final_bsp//drivers/inc  -DSYSTEM_BUS_WIDTH=32 -pipe -D__hal__ -DALT_NO_INSTRUCTION_EMULATION -DALT_SINGLE_THREADED    -O0 -g -Wall -std=c99  -EL -mno-hw-div -mno-hw-mul -mno-hw-mulx  -o obj/default/hello_world.o hello_world.c
Info: Linking final.elf
nios2-elf-g++  -T'../final_bsp//linker.x' -msys-crt0='../final_bsp//obj/HAL/src/crt0.o' -msys-lib=hal_bsp -L../final_bsp/   -Wl,-Map=final.map   -O0 -g -Wall -std=c99  -EL -mno-hw-div -mno-hw-mul -mno-hw-mulx  -o final.elf obj/default/hello_world.o -lm 
nios2-elf-insert final.elf --thread_model hal --cpu_name nios2cpu --qsys true --simulation_enabled false --stderr_dev jtag_uart --stdin_dev jtag_uart --stdout_dev jtag_uart --sopc_system_name qsys --quartus_project_dir "C:/robot_experiment_final/quartus/DE0_TOP/qsys" --sopcinfo C:/robot_experiment_final/quartus/DE0_TOP/qsys/qsys.sopcinfo
Info: (final.elf) 58 KBytes program size (code + initialized data).
Info:             8127 KBytes free for stack + heap.
Info: Creating final.objdump
nios2-elf-objdump --disassemble --syms --all-header --source final.elf >final.objdump
[final build complete]

**** Build Finished ****

**** Build of configuration Nios II for project final ****

make all 
Info: Building ../final_bsp/
make --no-print-directory -C ../final_bsp/
[BSP build complete]
Info: Compiling hello_world.c to obj/default/hello_world.o
nios2-elf-gcc -xc -MP -MMD -c -I../final_bsp//HAL/inc -I../final_bsp/ -I../final_bsp//drivers/inc  -DSYSTEM_BUS_WIDTH=32 -pipe -D__hal__ -DALT_NO_INSTRUCTION_EMULATION -DALT_SINGLE_THREADED    -O0 -g -Wall -std=c99  -EL -mno-hw-div -mno-hw-mul -mno-hw-mulx  -o obj/default/hello_world.o hello_world.c
Info: Linking final.elf
nios2-elf-g++  -T'../final_bsp//linker.x' -msys-crt0='../final_bsp//obj/HAL/src/crt0.o' -msys-lib=hal_bsp -L../final_bsp/   -Wl,-Map=final.map   -O0 -g -Wall -std=c99  -EL -mno-hw-div -mno-hw-mul -mno-hw-mulx  -o final.elf obj/default/hello_world.o -lm 
nios2-elf-insert final.elf --thread_model hal --cpu_name nios2cpu --qsys true --simulation_enabled false --stderr_dev jtag_uart --stdin_dev jtag_uart --stdout_dev jtag_uart --sopc_system_name qsys --quartus_project_dir "C:/robot_experiment_final/quartus/DE0_TOP/qsys" --sopcinfo C:/robot_experiment_final/quartus/DE0_TOP/qsys/qsys.sopcinfo
Info: (final.elf) 58 KBytes program size (code + initialized data).
Info:             8127 KBytes free for stack + heap.
Info: Creating final.objdump
nios2-elf-objdump --disassemble --syms --all-header --source final.elf >final.objdump
[final build complete]

**** Build Finished ****

**** Build of configuration Nios II for project final ****

make all 
Info: Building ../final_bsp/
make --no-print-directory -C ../final_bsp/
[BSP build complete]
Info: Compiling hello_world.c to obj/default/hello_world.o
nios2-elf-gcc -xc -MP -MMD -c -I../final_bsp//HAL/inc -I../final_bsp/ -I../final_bsp//drivers/inc  -DSYSTEM_BUS_WIDTH=32 -pipe -D__hal__ -DALT_NO_INSTRUCTION_EMULATION -DALT_SINGLE_THREADED    -O0 -g -Wall -std=c99  -EL -mno-hw-div -mno-hw-mul -mno-hw-mulx  -o obj/default/hello_world.o hello_world.c
Info: Linking final.elf
nios2-elf-g++  -T'../final_bsp//linker.x' -msys-crt0='../final_bsp//obj/HAL/src/crt0.o' -msys-lib=hal_bsp -L../final_bsp/   -Wl,-Map=final.map   -O0 -g -Wall -std=c99  -EL -mno-hw-div -mno-hw-mul -mno-hw-mulx  -o final.elf obj/default/hello_world.o -lm 
nios2-elf-insert final.elf --thread_model hal --cpu_name nios2cpu --qsys true --simulation_enabled false --stderr_dev jtag_uart --stdin_dev jtag_uart --stdout_dev jtag_uart --sopc_system_name qsys --quartus_project_dir "C:/robot_experiment_final/quartus/DE0_TOP/qsys" --sopcinfo C:/robot_experiment_final/quartus/DE0_TOP/qsys/qsys.sopcinfo
Info: (final.elf) 29 KBytes program size (code + initialized data).
Info:             8155 KBytes free for stack + heap.
Info: Creating final.objdump
nios2-elf-objdump --disassemble --syms --all-header --source final.elf >final.objdump
[final build complete]

**** Build Finished ****

**** Build of configuration Nios II for project final ****

make all 
Info: Building ../final_bsp/
make --no-print-directory -C ../final_bsp/
[BSP build complete]
Info: Compiling hello_world.c to obj/default/hello_world.o
nios2-elf-gcc -xc -MP -MMD -c -I../final_bsp//HAL/inc -I../final_bsp/ -I../final_bsp//drivers/inc  -DSYSTEM_BUS_WIDTH=32 -pipe -D__hal__ -DALT_NO_INSTRUCTION_EMULATION -DALT_SINGLE_THREADED    -O0 -g -Wall -std=c99  -EL -mno-hw-div -mno-hw-mul -mno-hw-mulx  -o obj/default/hello_world.o hello_world.c
Info: Linking final.elf
nios2-elf-g++  -T'../final_bsp//linker.x' -msys-crt0='../final_bsp//obj/HAL/src/crt0.o' -msys-lib=hal_bsp -L../final_bsp/   -Wl,-Map=final.map   -O0 -g -Wall -std=c99  -EL -mno-hw-div -mno-hw-mul -mno-hw-mulx  -o final.elf obj/default/hello_world.o -lm 
nios2-elf-insert final.elf --thread_model hal --cpu_name nios2cpu --qsys true --simulation_enabled false --stderr_dev jtag_uart --stdin_dev jtag_uart --stdout_dev jtag_uart --sopc_system_name qsys --quartus_project_dir "C:/robot_experiment_final/quartus/DE0_TOP/qsys" --sopcinfo C:/robot_experiment_final/quartus/DE0_TOP/qsys/qsys.sopcinfo
Info: (final.elf) 29 KBytes program size (code + initialized data).
Info:             8155 KBytes free for stack + heap.
Info: Creating final.objdump
nios2-elf-objdump --disassemble --syms --all-header --source final.elf >final.objdump
[final build complete]

**** Build Finished ****

**** Build of configuration Nios II for project final ****

make all 
Info: Building ../final_bsp/
make --no-print-directory -C ../final_bsp/
[BSP build complete]
Info: Compiling hello_world.c to obj/default/hello_world.o
nios2-elf-gcc -xc -MP -MMD -c -I../final_bsp//HAL/inc -I../final_bsp/ -I../final_bsp//drivers/inc  -DSYSTEM_BUS_WIDTH=32 -pipe -D__hal__ -DALT_NO_INSTRUCTION_EMULATION -DALT_SINGLE_THREADED    -O0 -g -Wall -std=c99  -EL -mno-hw-div -mno-hw-mul -mno-hw-mulx  -o obj/default/hello_world.o hello_world.c
Info: Linking final.elf
nios2-elf-g++  -T'../final_bsp//linker.x' -msys-crt0='../final_bsp//obj/HAL/src/crt0.o' -msys-lib=hal_bsp -L../final_bsp/   -Wl,-Map=final.map   -O0 -g -Wall -std=c99  -EL -mno-hw-div -mno-hw-mul -mno-hw-mulx  -o final.elf obj/default/hello_world.o -lm 
nios2-elf-insert final.elf --thread_model hal --cpu_name nios2cpu --qsys true --simulation_enabled false --stderr_dev jtag_uart --stdin_dev jtag_uart --stdout_dev jtag_uart --sopc_system_name qsys --quartus_project_dir "C:/robot_experiment_final/quartus/DE0_TOP/qsys" --sopcinfo C:/robot_experiment_final/quartus/DE0_TOP/qsys/qsys.sopcinfo
Info: (final.elf) 29 KBytes program size (code + initialized data).
Info:             8155 KBytes free for stack + heap.
Info: Creating final.objdump
nios2-elf-objdump --disassemble --syms --all-header --source final.elf >final.objdump
[final build complete]

**** Build Finished ****

**** Build of configuration Nios II for project final ****

make all 
Info: Building ../final_bsp/
make --no-print-directory -C ../final_bsp/
[BSP build complete]
Info: Compiling hello_world.c to obj/default/hello_world.o
nios2-elf-gcc -xc -MP -MMD -c -I../final_bsp//HAL/inc -I../final_bsp/ -I../final_bsp//drivers/inc  -DSYSTEM_BUS_WIDTH=32 -pipe -D__hal__ -DALT_NO_INSTRUCTION_EMULATION -DALT_SINGLE_THREADED    -O0 -g -Wall -std=c99  -EL -mno-hw-div -mno-hw-mul -mno-hw-mulx  -o obj/default/hello_world.o hello_world.c
hello_world.c: In function 'value_to_seg7':
hello_world.c:39: error: 'current_floor_seg7' undeclared (first use in this function)
hello_world.c:39: error: (Each undeclared identifier is reported only once
hello_world.c:39: error: for each function it appears in.)
hello_world.c: In function 'main':
hello_world.c:119: warning: unused variable 'current_floor_seg7'
make: *** [obj/default/hello_world.o] Error 1

**** Build Finished ****

**** Build of configuration Nios II for project final ****

make all 
Info: Building ../final_bsp/
make --no-print-directory -C ../final_bsp/
[BSP build complete]
Info: Compiling hello_world.c to obj/default/hello_world.o
nios2-elf-gcc -xc -MP -MMD -c -I../final_bsp//HAL/inc -I../final_bsp/ -I../final_bsp//drivers/inc  -DSYSTEM_BUS_WIDTH=32 -pipe -D__hal__ -DALT_NO_INSTRUCTION_EMULATION -DALT_SINGLE_THREADED    -O0 -g -Wall -std=c99  -EL -mno-hw-div -mno-hw-mul -mno-hw-mulx  -o obj/default/hello_world.o hello_world.c
hello_world.c: In function 'value_to_seg7':
hello_world.c:39: warning: suggest parentheses around + or - inside shift
hello_world.c: In function 'main':
hello_world.c:119: warning: unused variable 'current_floor_seg7'
Info: Linking final.elf
nios2-elf-g++  -T'../final_bsp//linker.x' -msys-crt0='../final_bsp//obj/HAL/src/crt0.o' -msys-lib=hal_bsp -L../final_bsp/   -Wl,-Map=final.map   -O0 -g -Wall -std=c99  -EL -mno-hw-div -mno-hw-mul -mno-hw-mulx  -o final.elf obj/default/hello_world.o -lm 
nios2-elf-insert final.elf --thread_model hal --cpu_name nios2cpu --qsys true --simulation_enabled false --stderr_dev jtag_uart --stdin_dev jtag_uart --stdout_dev jtag_uart --sopc_system_name qsys --quartus_project_dir "C:/robot_experiment_final/quartus/DE0_TOP/qsys" --sopcinfo C:/robot_experiment_final/quartus/DE0_TOP/qsys/qsys.sopcinfo
Info: (final.elf) 29 KBytes program size (code + initialized data).
Info:             8155 KBytes free for stack + heap.
Info: Creating final.objdump
nios2-elf-objdump --disassemble --syms --all-header --source final.elf >final.objdump
[final build complete]

**** Build Finished ****

**** Build of configuration Nios II for project final ****

make all 
Info: Building ../final_bsp/
make --no-print-directory -C ../final_bsp/
[BSP build complete]
Info: Compiling hello_world.c to obj/default/hello_world.o
nios2-elf-gcc -xc -MP -MMD -c -I../final_bsp//HAL/inc -I../final_bsp/ -I../final_bsp//drivers/inc  -DSYSTEM_BUS_WIDTH=32 -pipe -D__hal__ -DALT_NO_INSTRUCTION_EMULATION -DALT_SINGLE_THREADED    -O0 -g -Wall -std=c99  -EL -mno-hw-div -mno-hw-mul -mno-hw-mulx  -o obj/default/hello_world.o hello_world.c
Info: Linking final.elf
nios2-elf-g++  -T'../final_bsp//linker.x' -msys-crt0='../final_bsp//obj/HAL/src/crt0.o' -msys-lib=hal_bsp -L../final_bsp/   -Wl,-Map=final.map   -O0 -g -Wall -std=c99  -EL -mno-hw-div -mno-hw-mul -mno-hw-mulx  -o final.elf obj/default/hello_world.o -lm 
nios2-elf-insert final.elf --thread_model hal --cpu_name nios2cpu --qsys true --simulation_enabled false --stderr_dev jtag_uart --stdin_dev jtag_uart --stdout_dev jtag_uart --sopc_system_name qsys --quartus_project_dir "C:/robot_experiment_final/quartus/DE0_TOP/qsys" --sopcinfo C:/robot_experiment_final/quartus/DE0_TOP/qsys/qsys.sopcinfo
Info: (final.elf) 29 KBytes program size (code + initialized data).
Info:             8155 KBytes free for stack + heap.
Info: Creating final.objdump
nios2-elf-objdump --disassemble --syms --all-header --source final.elf >final.objdump
[final build complete]

**** Build Finished ****

**** Build of configuration Nios II for project final ****

make all 
Info: Building ../final_bsp/
make --no-print-directory -C ../final_bsp/
[BSP build complete]
Info: Compiling hello_world.c to obj/default/hello_world.o
nios2-elf-gcc -xc -MP -MMD -c -I../final_bsp//HAL/inc -I../final_bsp/ -I../final_bsp//drivers/inc  -DSYSTEM_BUS_WIDTH=32 -pipe -D__hal__ -DALT_NO_INSTRUCTION_EMULATION -DALT_SINGLE_THREADED    -O0 -g -Wall -std=c99  -EL -mno-hw-div -mno-hw-mul -mno-hw-mulx  -o obj/default/hello_world.o hello_world.c
Info: Linking final.elf
nios2-elf-g++  -T'../final_bsp//linker.x' -msys-crt0='../final_bsp//obj/HAL/src/crt0.o' -msys-lib=hal_bsp -L../final_bsp/   -Wl,-Map=final.map   -O0 -g -Wall -std=c99  -EL -mno-hw-div -mno-hw-mul -mno-hw-mulx  -o final.elf obj/default/hello_world.o -lm 
nios2-elf-insert final.elf --thread_model hal --cpu_name nios2cpu --qsys true --simulation_enabled false --stderr_dev jtag_uart --stdin_dev jtag_uart --stdout_dev jtag_uart --sopc_system_name qsys --quartus_project_dir "C:/robot_experiment_final/quartus/DE0_TOP/qsys" --sopcinfo C:/robot_experiment_final/quartus/DE0_TOP/qsys/qsys.sopcinfo
Info: (final.elf) 29 KBytes program size (code + initialized data).
Info:             8155 KBytes free for stack + heap.
Info: Creating final.objdump
nios2-elf-objdump --disassemble --syms --all-header --source final.elf >final.objdump
[final build complete]

**** Build Finished ****

**** Build of configuration Nios II for project final ****

make all 
Info: Building ../final_bsp/
make --no-print-directory -C ../final_bsp/
[BSP build complete]
Info: Compiling hello_world.c to obj/default/hello_world.o
nios2-elf-gcc -xc -MP -MMD -c -I../final_bsp//HAL/inc -I../final_bsp/ -I../final_bsp//drivers/inc  -DSYSTEM_BUS_WIDTH=32 -pipe -D__hal__ -DALT_NO_INSTRUCTION_EMULATION -DALT_SINGLE_THREADED    -O0 -g -Wall -std=c99  -EL -mno-hw-div -mno-hw-mul -mno-hw-mulx  -o obj/default/hello_world.o hello_world.c
Info: Linking final.elf
nios2-elf-g++  -T'../final_bsp//linker.x' -msys-crt0='../final_bsp//obj/HAL/src/crt0.o' -msys-lib=hal_bsp -L../final_bsp/   -Wl,-Map=final.map   -O0 -g -Wall -std=c99  -EL -mno-hw-div -mno-hw-mul -mno-hw-mulx  -o final.elf obj/default/hello_world.o -lm 
nios2-elf-insert final.elf --thread_model hal --cpu_name nios2cpu --qsys true --simulation_enabled false --stderr_dev jtag_uart --stdin_dev jtag_uart --stdout_dev jtag_uart --sopc_system_name qsys --quartus_project_dir "C:/robot_experiment_final/quartus/DE0_TOP/qsys" --sopcinfo C:/robot_experiment_final/quartus/DE0_TOP/qsys/qsys.sopcinfo
Info: (final.elf) 29 KBytes program size (code + initialized data).
Info:             8155 KBytes free for stack + heap.
Info: Creating final.objdump
nios2-elf-objdump --disassemble --syms --all-header --source final.elf >final.objdump
[final build complete]

**** Build Finished ****

**** Build of configuration Nios II for project final ****

make all 
Info: Building ../final_bsp/
make --no-print-directory -C ../final_bsp/
[BSP build complete]
Info: Compiling hello_world.c to obj/default/hello_world.o
nios2-elf-gcc -xc -MP -MMD -c -I../final_bsp//HAL/inc -I../final_bsp/ -I../final_bsp//drivers/inc  -DSYSTEM_BUS_WIDTH=32 -pipe -D__hal__ -DALT_NO_INSTRUCTION_EMULATION -DALT_SINGLE_THREADED    -O0 -g -Wall -std=c99  -EL -mno-hw-div -mno-hw-mul -mno-hw-mulx  -o obj/default/hello_world.o hello_world.c
hello_world.c: In function 'main':
hello_world.c:56: warning: too few arguments for format
hello_world.c:56: warning: too few arguments for format
Info: Linking final.elf
nios2-elf-g++  -T'../final_bsp//linker.x' -msys-crt0='../final_bsp//obj/HAL/src/crt0.o' -msys-lib=hal_bsp -L../final_bsp/   -Wl,-Map=final.map   -O0 -g -Wall -std=c99  -EL -mno-hw-div -mno-hw-mul -mno-hw-mulx  -o final.elf obj/default/hello_world.o -lm 
nios2-elf-insert final.elf --thread_model hal --cpu_name nios2cpu --qsys true --simulation_enabled false --stderr_dev jtag_uart --stdin_dev jtag_uart --stdout_dev jtag_uart --sopc_system_name qsys --quartus_project_dir "C:/robot_experiment_final/quartus/DE0_TOP/qsys" --sopcinfo C:/robot_experiment_final/quartus/DE0_TOP/qsys/qsys.sopcinfo
Info: (final.elf) 58 KBytes program size (code + initialized data).
Info:             8126 KBytes free for stack + heap.
Info: Creating final.objdump
nios2-elf-objdump --disassemble --syms --all-header --source final.elf >final.objdump
[final build complete]

**** Build Finished ****

**** Build of configuration Nios II for project final ****

make all 
Info: Building ../final_bsp/
make --no-print-directory -C ../final_bsp/
[BSP build complete]
Info: Compiling hello_world.c to obj/default/hello_world.o
nios2-elf-gcc -xc -MP -MMD -c -I../final_bsp//HAL/inc -I../final_bsp/ -I../final_bsp//drivers/inc  -DSYSTEM_BUS_WIDTH=32 -pipe -D__hal__ -DALT_NO_INSTRUCTION_EMULATION -DALT_SINGLE_THREADED    -O0 -g -Wall -std=c99  -EL -mno-hw-div -mno-hw-mul -mno-hw-mulx  -o obj/default/hello_world.o hello_world.c
hello_world.c: In function 'main':
hello_world.c:56: warning: too few arguments for format
hello_world.c:56: warning: too few arguments for format
Info: Linking final.elf
nios2-elf-g++  -T'../final_bsp//linker.x' -msys-crt0='../final_bsp//obj/HAL/src/crt0.o' -msys-lib=hal_bsp -L../final_bsp/   -Wl,-Map=final.map   -O0 -g -Wall -std=c99  -EL -mno-hw-div -mno-hw-mul -mno-hw-mulx  -o final.elf obj/default/hello_world.o -lm 
nios2-elf-insert final.elf --thread_model hal --cpu_name nios2cpu --qsys true --simulation_enabled false --stderr_dev jtag_uart --stdin_dev jtag_uart --stdout_dev jtag_uart --sopc_system_name qsys --quartus_project_dir "C:/robot_experiment_final/quartus/DE0_TOP/qsys" --sopcinfo C:/robot_experiment_final/quartus/DE0_TOP/qsys/qsys.sopcinfo
Info: (final.elf) 58 KBytes program size (code + initialized data).
Info:             8126 KBytes free for stack + heap.
Info: Creating final.objdump
nios2-elf-objdump --disassemble --syms --all-header --source final.elf >final.objdump
[final build complete]

**** Build Finished ****

**** Build of configuration Nios II for project final ****

make all 
Info: Building ../final_bsp/
make --no-print-directory -C ../final_bsp/
[BSP build complete]
Info: Compiling hello_world.c to obj/default/hello_world.o
nios2-elf-gcc -xc -MP -MMD -c -I../final_bsp//HAL/inc -I../final_bsp/ -I../final_bsp//drivers/inc  -DSYSTEM_BUS_WIDTH=32 -pipe -D__hal__ -DALT_NO_INSTRUCTION_EMULATION -DALT_SINGLE_THREADED    -O0 -g -Wall -std=c99  -EL -mno-hw-div -mno-hw-mul -mno-hw-mulx  -o obj/default/hello_world.o hello_world.c
Info: Linking final.elf
nios2-elf-g++  -T'../final_bsp//linker.x' -msys-crt0='../final_bsp//obj/HAL/src/crt0.o' -msys-lib=hal_bsp -L../final_bsp/   -Wl,-Map=final.map   -O0 -g -Wall -std=c99  -EL -mno-hw-div -mno-hw-mul -mno-hw-mulx  -o final.elf obj/default/hello_world.o -lm 
nios2-elf-insert final.elf --thread_model hal --cpu_name nios2cpu --qsys true --simulation_enabled false --stderr_dev jtag_uart --stdin_dev jtag_uart --stdout_dev jtag_uart --sopc_system_name qsys --quartus_project_dir "C:/robot_experiment_final/quartus/DE0_TOP/qsys" --sopcinfo C:/robot_experiment_final/quartus/DE0_TOP/qsys/qsys.sopcinfo
Info: (final.elf) 58 KBytes program size (code + initialized data).
Info:             8126 KBytes free for stack + heap.
Info: Creating final.objdump
nios2-elf-objdump --disassemble --syms --all-header --source final.elf >final.objdump
[final build complete]

**** Build Finished ****

**** Build of configuration Nios II for project final ****

make all 
Info: Building ../final_bsp/
make --no-print-directory -C ../final_bsp/
[BSP build complete]
Info: Compiling hello_world.c to obj/default/hello_world.o
nios2-elf-gcc -xc -MP -MMD -c -I../final_bsp//HAL/inc -I../final_bsp/ -I../final_bsp//drivers/inc  -DSYSTEM_BUS_WIDTH=32 -pipe -D__hal__ -DALT_NO_INSTRUCTION_EMULATION -DALT_SINGLE_THREADED    -O0 -g -Wall -std=c99  -EL -mno-hw-div -mno-hw-mul -mno-hw-mulx  -o obj/default/hello_world.o hello_world.c
Info: Linking final.elf
nios2-elf-g++  -T'../final_bsp//linker.x' -msys-crt0='../final_bsp//obj/HAL/src/crt0.o' -msys-lib=hal_bsp -L../final_bsp/   -Wl,-Map=final.map   -O0 -g -Wall -std=c99  -EL -mno-hw-div -mno-hw-mul -mno-hw-mulx  -o final.elf obj/default/hello_world.o -lm 
nios2-elf-insert final.elf --thread_model hal --cpu_name nios2cpu --qsys true --simulation_enabled false --stderr_dev jtag_uart --stdin_dev jtag_uart --stdout_dev jtag_uart --sopc_system_name qsys --quartus_project_dir "C:/robot_experiment_final/quartus/DE0_TOP/qsys" --sopcinfo C:/robot_experiment_final/quartus/DE0_TOP/qsys/qsys.sopcinfo
Info: (final.elf) 29 KBytes program size (code + initialized data).
Info:             8155 KBytes free for stack + heap.
Info: Creating final.objdump
nios2-elf-objdump --disassemble --syms --all-header --source final.elf >final.objdump
[final build complete]

**** Build Finished ****
